{"C:\\Users\\naveen.kumar\\jest-app\\App.js": {"path":"C:\\Users\\naveen.kumar\\jest-app\\App.js","statementMap":{"0":{"start":{"line":5,"column":2},"end":{"line":10,"column":4}},"1":{"start":{"line":13,"column":15},"end":{"line":20,"column":2}}},"fnMap":{"0":{"name":"App","decl":{"start":{"line":4,"column":24},"end":{"line":4,"column":27}},"loc":{"start":{"line":4,"column":30},"end":{"line":11,"column":1}},"line":4}},"branchMap":{},"s":{"0":1,"1":1},"f":{"0":1},"b":{},"_coverageSchema":"1a1c01bbd47fc00a2c39e90264f33305004495a9","hash":"d2ae3df0fff4a6633f8faffdaeb35dac3f08620d"}
,"C:\\Users\\naveen.kumar\\jest-app\\reducers\\calculatorReducers.js": {"path":"C:\\Users\\naveen.kumar\\jest-app\\reducers\\calculatorReducers.js","statementMap":{"0":{"start":{"line":4,"column":21},"end":{"line":4,"column":31}},"1":{"start":{"line":5,"column":27},"end":{"line":13,"column":1}},"2":{"start":{"line":6,"column":4},"end":{"line":12,"column":5}},"3":{"start":{"line":8,"column":12},"end":{"line":8,"column":51}},"4":{"start":{"line":10,"column":12},"end":{"line":10,"column":51}},"5":{"start":{"line":11,"column":17},"end":{"line":11,"column":34}}},"fnMap":{"0":{"name":"(anonymous_0)","decl":{"start":{"line":5,"column":27},"end":{"line":5,"column":28}},"loc":{"start":{"line":5,"column":58},"end":{"line":13,"column":1}},"line":5}},"branchMap":{"0":{"loc":{"start":{"line":5,"column":28},"end":{"line":5,"column":46}},"type":"default-arg","locations":[{"start":{"line":5,"column":34},"end":{"line":5,"column":46}}],"line":5},"1":{"loc":{"start":{"line":6,"column":4},"end":{"line":12,"column":5}},"type":"switch","locations":[{"start":{"line":7,"column":8},"end":{"line":8,"column":51}},{"start":{"line":9,"column":8},"end":{"line":10,"column":51}},{"start":{"line":11,"column":8},"end":{"line":11,"column":34}}],"line":6}},"s":{"0":1,"1":1,"2":2,"3":1,"4":1,"5":0},"f":{"0":2},"b":{"0":[0],"1":[1,1,0]},"_coverageSchema":"1a1c01bbd47fc00a2c39e90264f33305004495a9","hash":"09f68d9f0c5975e1246ca2f5483617de6d5f7624"}
,"C:\\Users\\naveen.kumar\\jest-app\\src\\action\\Type.js": {"path":"C:\\Users\\naveen.kumar\\jest-app\\src\\action\\Type.js","statementMap":{"0":{"start":{"line":1,"column":20},"end":{"line":1,"column":27}},"1":{"start":{"line":2,"column":25},"end":{"line":2,"column":37}},"2":{"start":{"line":3,"column":30},"end":{"line":3,"column":47}}},"fnMap":{},"branchMap":{},"s":{"0":2,"1":2,"2":2},"f":{},"b":{},"_coverageSchema":"1a1c01bbd47fc00a2c39e90264f33305004495a9","hash":"0902a6c8c63bd7493b4ed5ef7675e97466a884ed"}
,"C:\\Users\\naveen.kumar\\jest-app\\src\\action\\calculatorActions.js": {"path":"C:\\Users\\naveen.kumar\\jest-app\\src\\action\\calculatorActions.js","statementMap":{"0":{"start":{"line":4,"column":25},"end":{"line":14,"column":1}},"1":{"start":{"line":8,"column":15},"end":{"line":8,"column":30}},"2":{"start":{"line":9,"column":4},"end":{"line":13,"column":5}},"3":{"start":{"line":15,"column":30},"end":{"line":22,"column":1}},"4":{"start":{"line":16,"column":15},"end":{"line":16,"column":28}},"5":{"start":{"line":17,"column":4},"end":{"line":21,"column":5}}},"fnMap":{"0":{"name":"(anonymous_0)","decl":{"start":{"line":4,"column":25},"end":{"line":4,"column":26}},"loc":{"start":{"line":4,"column":44},"end":{"line":14,"column":1}},"line":4},"1":{"name":"(anonymous_1)","decl":{"start":{"line":15,"column":30},"end":{"line":15,"column":31}},"loc":{"start":{"line":15,"column":49},"end":{"line":22,"column":1}},"line":15}},"branchMap":{},"s":{"0":1,"1":1,"2":1,"3":1,"4":1,"5":1},"f":{"0":1,"1":1},"b":{},"_coverageSchema":"1a1c01bbd47fc00a2c39e90264f33305004495a9","hash":"b34ccc7b5a2e35b648e86120feb2c0ddfa11b5aa"}
,"C:\\Users\\naveen.kumar\\jest-app\\src\\components\\Button.js": {"path":"C:\\Users\\naveen.kumar\\jest-app\\src\\components\\Button.js","statementMap":{},"fnMap":{},"branchMap":{},"s":{},"f":{},"b":{}}
,"C:\\Users\\naveen.kumar\\jest-app\\src\\components\\Demo.js": {"path":"C:\\Users\\naveen.kumar\\jest-app\\src\\components\\Demo.js","statementMap":{"0":{"start":{"line":11,"column":4},"end":{"line":20,"column":6}},"1":{"start":{"line":24,"column":15},"end":{"line":41,"column":4}}},"fnMap":{"0":{"name":"(anonymous_0)","decl":{"start":{"line":10,"column":2},"end":{"line":10,"column":3}},"loc":{"start":{"line":10,"column":11},"end":{"line":21,"column":3}},"line":10}},"branchMap":{},"s":{"0":1,"1":1},"f":{"0":1},"b":{},"_coverageSchema":"1a1c01bbd47fc00a2c39e90264f33305004495a9","hash":"461cb8f01383838db197080314ae8e3e38ff3682"}
}
