TN:
SF:App.js
FN:4,App
FNF:1
FNH:1
FNDA:1,App
DA:5,1
DA:13,1
LF:2
LH:2
BRF:0
BRH:0
end_of_record
TN:
SF:reducers\calculatorReducers.js
FN:5,(anonymous_0)
FNF:1
FNH:1
FNDA:2,(anonymous_0)
DA:4,1
DA:5,1
DA:6,2
DA:8,1
DA:10,1
DA:11,0
LF:6
LH:5
BRDA:5,0,0,0
BRDA:6,1,0,1
BRDA:6,1,1,1
BRDA:6,1,2,0
BRF:4
BRH:2
end_of_record
TN:
SF:src\action\Type.js
FNF:0
FNH:0
DA:1,2
DA:2,2
DA:3,2
LF:3
LH:3
BRF:0
BRH:0
end_of_record
TN:
SF:src\action\calculatorActions.js
FN:4,(anonymous_0)
FN:15,(anonymous_1)
FNF:2
FNH:2
FNDA:1,(anonymous_0)
FNDA:1,(anonymous_1)
DA:4,1
DA:8,1
DA:9,1
DA:15,1
DA:16,1
DA:17,1
LF:6
LH:6
BRF:0
BRH:0
end_of_record
TN:
SF:src\components\Button.js
FNF:0
FNH:0
LF:0
LH:0
BRF:0
BRH:0
end_of_record
TN:
SF:src\components\Demo.js
FN:10,(anonymous_0)
FNF:1
FNH:1
FNDA:1,(anonymous_0)
DA:11,1
DA:24,1
LF:2
LH:2
BRF:0
BRH:0
end_of_record
